This is pdfTeX, Version 3.1415926-1.40.10 (TeX Live 2009/Debian) (format=pdflatex 2011.4.26)  21 DEC 2011 13:18
entering extended mode
 %&-line parsing enabled.
**report_dMRI_preprocessing.tex
(./report_dMRI_preprocessing.tex
LaTeX2e <2009/09/24>
Babel <v3.8l> and hyphenation patterns for english, usenglishmax, dumylang, noh
yphenation, loaded.
(/usr/share/texmf-texlive/tex/latex/base/article.cls
Document Class: article 2007/10/19 v1.4h Standard LaTeX document class
(/usr/share/texmf-texlive/tex/latex/base/size12.clo
File: size12.clo 2007/10/19 v1.4h Standard LaTeX file (size option)
)
\c@part=\count79
\c@section=\count80
\c@subsection=\count81
\c@subsubsection=\count82
\c@paragraph=\count83
\c@subparagraph=\count84
\c@figure=\count85
\c@table=\count86
\abovecaptionskip=\skip41
\belowcaptionskip=\skip42
\bibindent=\dimen102
)
\@input{pythonlisting.aux}
\openout2 = `pythonlisting.aux'.

(./pythonlisting.tex (/usr/share/texmf-texlive/tex/latex/graphics/color.sty
Package: color 2005/11/14 v1.0j Standard LaTeX Color (DPC)

(/etc/texmf/tex/latex/config/color.cfg
File: color.cfg 2007/01/18 v1.5 color configuration of teTeX/TeXLive
)
Package color Info: Driver file: pdftex.def on input line 130.

(/usr/share/texmf-texlive/tex/latex/pdftex-def/pdftex.def
File: pdftex.def 2009/08/25 v0.04m Graphics/color for pdfTeX
\Gread@gobject=\count87
))
(/usr/share/texmf-texlive/tex/latex/listings/listings.sty
(/usr/share/texmf-texlive/tex/latex/graphics/keyval.sty
Package: keyval 1999/03/16 v1.13 key=value parser (DPC)
\KV@toks@=\toks14
)
\lst@mode=\count88
\lst@gtempboxa=\box26
\lst@token=\toks15
\lst@length=\count89
\lst@currlwidth=\dimen103
\lst@column=\count90
\lst@pos=\count91
\lst@lostspace=\dimen104
\lst@width=\dimen105
\lst@newlines=\count92
\lst@lineno=\count93
\lst@maxwidth=\dimen106

(/usr/share/texmf-texlive/tex/latex/listings/lstmisc.sty
File: lstmisc.sty 2007/02/22 1.4 (Carsten Heinz)
\c@lstnumber=\count94
\lst@skipnumbers=\count95
\lst@framebox=\box27
)
(/usr/share/texmf-texlive/tex/latex/listings/listings.cfg
File: listings.cfg 2007/02/22 1.4 listings configuration
))
Package: listings 2007/02/22 1.4 (Carsten Heinz)

(/usr/share/texmf-texlive/tex/latex/base/textcomp.sty
Package: textcomp 2005/09/27 v1.99g Standard LaTeX package
Package textcomp Info: Sub-encoding information:
(textcomp)               5 = only ISO-Adobe without \textcurrency
(textcomp)               4 = 5 + \texteuro
(textcomp)               3 = 4 + \textohm
(textcomp)               2 = 3 + \textestimated + \textcurrency
(textcomp)               1 = TS1 - \textcircled - \t
(textcomp)               0 = TS1 (full)
(textcomp)             Font families with sub-encoding setting implement
(textcomp)             only a restricted character set as indicated.
(textcomp)             Family '?' is the default used for unknown fonts.
(textcomp)             See the documentation for details.
Package textcomp Info: Setting ? sub-encoding to TS1/1 on input line 71.

(/usr/share/texmf-texlive/tex/latex/base/ts1enc.def
File: ts1enc.def 2001/06/05 v3.0e (jk/car/fm) Standard LaTeX file
)
LaTeX Info: Redefining \oldstylenums on input line 266.
Package textcomp Info: Setting cmr sub-encoding to TS1/0 on input line 281.
Package textcomp Info: Setting cmss sub-encoding to TS1/0 on input line 282.
Package textcomp Info: Setting cmtt sub-encoding to TS1/0 on input line 283.
Package textcomp Info: Setting cmvtt sub-encoding to TS1/0 on input line 284.
Package textcomp Info: Setting cmbr sub-encoding to TS1/0 on input line 285.
Package textcomp Info: Setting cmtl sub-encoding to TS1/0 on input line 286.
Package textcomp Info: Setting ccr sub-encoding to TS1/0 on input line 287.
Package textcomp Info: Setting ptm sub-encoding to TS1/4 on input line 288.
Package textcomp Info: Setting pcr sub-encoding to TS1/4 on input line 289.
Package textcomp Info: Setting phv sub-encoding to TS1/4 on input line 290.
Package textcomp Info: Setting ppl sub-encoding to TS1/3 on input line 291.
Package textcomp Info: Setting pag sub-encoding to TS1/4 on input line 292.
Package textcomp Info: Setting pbk sub-encoding to TS1/4 on input line 293.
Package textcomp Info: Setting pnc sub-encoding to TS1/4 on input line 294.
Package textcomp Info: Setting pzc sub-encoding to TS1/4 on input line 295.
Package textcomp Info: Setting bch sub-encoding to TS1/4 on input line 296.
Package textcomp Info: Setting put sub-encoding to TS1/5 on input line 297.
Package textcomp Info: Setting uag sub-encoding to TS1/5 on input line 298.
Package textcomp Info: Setting ugq sub-encoding to TS1/5 on input line 299.
Package textcomp Info: Setting ul8 sub-encoding to TS1/4 on input line 300.
Package textcomp Info: Setting ul9 sub-encoding to TS1/4 on input line 301.
Package textcomp Info: Setting augie sub-encoding to TS1/5 on input line 302.
Package textcomp Info: Setting dayrom sub-encoding to TS1/3 on input line 303.
Package textcomp Info: Setting dayroms sub-encoding to TS1/3 on input line 304.

Package textcomp Info: Setting pxr sub-encoding to TS1/0 on input line 305.
Package textcomp Info: Setting pxss sub-encoding to TS1/0 on input line 306.
Package textcomp Info: Setting pxtt sub-encoding to TS1/0 on input line 307.
Package textcomp Info: Setting txr sub-encoding to TS1/0 on input line 308.
Package textcomp Info: Setting txss sub-encoding to TS1/0 on input line 309.
Package textcomp Info: Setting txtt sub-encoding to TS1/0 on input line 310.
Package textcomp Info: Setting futs sub-encoding to TS1/4 on input line 311.
Package textcomp Info: Setting futx sub-encoding to TS1/4 on input line 312.
Package textcomp Info: Setting futj sub-encoding to TS1/4 on input line 313.
Package textcomp Info: Setting hlh sub-encoding to TS1/3 on input line 314.
Package textcomp Info: Setting hls sub-encoding to TS1/3 on input line 315.
Package textcomp Info: Setting hlst sub-encoding to TS1/3 on input line 316.
Package textcomp Info: Setting hlct sub-encoding to TS1/5 on input line 317.
Package textcomp Info: Setting hlx sub-encoding to TS1/5 on input line 318.
Package textcomp Info: Setting hlce sub-encoding to TS1/5 on input line 319.
Package textcomp Info: Setting hlcn sub-encoding to TS1/5 on input line 320.
Package textcomp Info: Setting hlcw sub-encoding to TS1/5 on input line 321.
Package textcomp Info: Setting hlcf sub-encoding to TS1/5 on input line 322.
Package textcomp Info: Setting pplx sub-encoding to TS1/3 on input line 323.
Package textcomp Info: Setting pplj sub-encoding to TS1/3 on input line 324.
Package textcomp Info: Setting ptmx sub-encoding to TS1/4 on input line 325.
Package textcomp Info: Setting ptmj sub-encoding to TS1/4 on input line 326.
)
(/usr/share/texmf-texlive/tex/latex/setspace/setspace.sty
Package: setspace 2000/12/01 6.7 Contributed and Supported LaTeX2e package

Package: `setspace' 6.7 <2000/12/01>
) (/usr/share/texmf-texlive/tex/latex/psnfss/palatino.sty
Package: palatino 2005/04/12 PSNFSS-v9.2a (SPQR) 
)
Package color Info: Redefining color green on input line 11.
)
(/usr/share/texmf-texlive/tex/latex/graphics/graphicx.sty
Package: graphicx 1999/02/16 v1.0f Enhanced LaTeX Graphics (DPC,SPQR)

(/usr/share/texmf-texlive/tex/latex/graphics/graphics.sty
Package: graphics 2009/02/05 v1.0o Standard LaTeX Graphics (DPC,SPQR)

(/usr/share/texmf-texlive/tex/latex/graphics/trig.sty
Package: trig 1999/03/16 v1.09 sin cos tan (DPC)
)
(/etc/texmf/tex/latex/config/graphics.cfg
File: graphics.cfg 2009/08/28 v1.8 graphics configuration of TeX Live
)
Package graphics Info: Driver file: pdftex.def on input line 91.
)
\Gin@req@height=\dimen107
\Gin@req@width=\dimen108
)
(/usr/share/texmf-texlive/tex/latex/ltxmisc/url.sty
\Urlmuskip=\muskip10
Package: url 2006/04/12  ver 3.3  Verb mode for urls, etc.
)
(/usr/share/texmf-texlive/tex/latex/hyperref/hyperref.sty
Package: hyperref 2009/10/09 v6.79a Hypertext links for LaTeX

(/usr/share/texmf-texlive/tex/generic/oberdiek/ifpdf.sty
Package: ifpdf 2009/04/10 v2.0 Provides the ifpdf switch (HO)
Package ifpdf Info: pdfTeX in pdf mode detected.
)
(/usr/share/texmf-texlive/tex/generic/oberdiek/ifvtex.sty
Package: ifvtex 2008/11/04 v1.4 Switches for detecting VTeX and its modes (HO)
Package ifvtex Info: VTeX not detected.
)
(/usr/share/texmf-texlive/tex/generic/ifxetex/ifxetex.sty
Package: ifxetex 2009/01/23 v0.5 Provides ifxetex conditional
)
(/usr/share/texmf-texlive/tex/latex/oberdiek/hycolor.sty
Package: hycolor 2009/10/02 v1.5 Code for color options of hyperref/bookmark (H
O)

(/usr/share/texmf-texlive/tex/latex/oberdiek/xcolor-patch.sty
Package: xcolor-patch 2009/10/02 xcolor patch
))
\@linkdim=\dimen109
\Hy@linkcounter=\count96
\Hy@pagecounter=\count97

(/usr/share/texmf-texlive/tex/latex/hyperref/pd1enc.def
File: pd1enc.def 2009/10/09 v6.79a Hyperref: PDFDocEncoding definition (HO)
)
(/usr/share/texmf-texlive/tex/generic/oberdiek/etexcmds.sty
Package: etexcmds 2007/12/12 v1.2 Prefix for e-TeX command names (HO)

(/usr/share/texmf-texlive/tex/generic/oberdiek/infwarerr.sty
Package: infwarerr 2007/09/09 v1.2 Providing info/warning/message (HO)
)
Package etexcmds Info: Could not find \expanded.
(etexcmds)             That can mean that you are not using pdfTeX 1.50 or
(etexcmds)             that some package has redefined \expanded.
(etexcmds)             In the latter case, load this package earlier.
)
(/etc/texmf/tex/latex/config/hyperref.cfg
File: hyperref.cfg 2002/06/06 v1.2 hyperref configuration of TeXLive
)
(/usr/share/texmf-texlive/tex/latex/oberdiek/kvoptions.sty
Package: kvoptions 2009/08/13 v3.4 Keyval support for LaTeX options (HO)

(/usr/share/texmf-texlive/tex/generic/oberdiek/kvsetkeys.sty
Package: kvsetkeys 2009/07/30 v1.5 Key value parser with default handler suppor
t (HO)
))
Package hyperref Info: Hyper figures OFF on input line 2975.
Package hyperref Info: Link nesting OFF on input line 2980.
Package hyperref Info: Hyper index ON on input line 2983.
Package hyperref Info: Plain pages OFF on input line 2990.
Package hyperref Info: Backreferencing OFF on input line 2995.

Implicit mode ON; LaTeX internals redefined
Package hyperref Info: Bookmarks ON on input line 3191.
LaTeX Info: Redefining \url on input line 3428.
(/usr/share/texmf-texlive/tex/generic/oberdiek/bitset.sty
Package: bitset 2007/09/28 v1.0 Data type bit set (HO)

(/usr/share/texmf-texlive/tex/generic/oberdiek/intcalc.sty
Package: intcalc 2007/09/27 v1.1 Expandable integer calculations (HO)
)
(/usr/share/texmf-texlive/tex/generic/oberdiek/bigintcalc.sty
Package: bigintcalc 2007/11/11 v1.1 Expandable big integer calculations (HO)

(/usr/share/texmf-texlive/tex/generic/oberdiek/pdftexcmds.sty
Package: pdftexcmds 2009/09/23 v0.6 LuaTeX support for pdfTeX utility functions
 (HO)

(/usr/share/texmf-texlive/tex/generic/oberdiek/ifluatex.sty
Package: ifluatex 2009/04/17 v1.2 Provides the ifluatex switch (HO)
Package ifluatex Info: LuaTeX not detected.
)
(/usr/share/texmf-texlive/tex/generic/oberdiek/ltxcmds.sty
Package: ltxcmds 2009/08/05 v1.0 Some LaTeX kernel commands for general use (HO
)
)
Package pdftexcmds Info: LuaTeX not detected.
Package pdftexcmds Info: \pdf@primitive is available.
Package pdftexcmds Info: \pdf@ifprimitive is available.
)))
\Fld@menulength=\count98
\Field@Width=\dimen110
\Fld@charsize=\dimen111
\Field@toks=\toks16
Package hyperref Info: Hyper figures OFF on input line 4377.
Package hyperref Info: Link nesting OFF on input line 4382.
Package hyperref Info: Hyper index ON on input line 4385.
Package hyperref Info: backreferencing OFF on input line 4392.
Package hyperref Info: Link coloring OFF on input line 4397.
Package hyperref Info: Link coloring with OCG OFF on input line 4402.
Package hyperref Info: PDF/A mode OFF on input line 4407.

(/usr/share/texmf-texlive/tex/generic/oberdiek/atbegshi.sty
Package: atbegshi 2008/07/31 v1.9 At begin shipout hook (HO)
)
\Hy@abspage=\count99
\c@Item=\count100
\c@Hfootnote=\count101
)
*hyperref using default driver hpdftex*
(/usr/share/texmf-texlive/tex/latex/hyperref/hpdftex.def
File: hpdftex.def 2009/10/09 v6.79a Hyperref driver for pdfTeX
\Fld@listcount=\count102
)
(./report_dMRI_preprocessing.aux)
\openout1 = `report_dMRI_preprocessing.aux'.

LaTeX Font Info:    Checking defaults for OML/cmm/m/it on input line 22.
LaTeX Font Info:    ... okay on input line 22.
LaTeX Font Info:    Checking defaults for T1/cmr/m/n on input line 22.
LaTeX Font Info:    ... okay on input line 22.
LaTeX Font Info:    Checking defaults for OT1/cmr/m/n on input line 22.
LaTeX Font Info:    ... okay on input line 22.
LaTeX Font Info:    Checking defaults for OMS/cmsy/m/n on input line 22.
LaTeX Font Info:    ... okay on input line 22.
LaTeX Font Info:    Checking defaults for OMX/cmex/m/n on input line 22.
LaTeX Font Info:    ... okay on input line 22.
LaTeX Font Info:    Checking defaults for U/cmr/m/n on input line 22.
LaTeX Font Info:    ... okay on input line 22.
LaTeX Font Info:    Checking defaults for TS1/cmr/m/n on input line 22.
LaTeX Font Info:    Try loading font information for TS1+cmr on input line 22.

(/usr/share/texmf-texlive/tex/latex/base/ts1cmr.fd
File: ts1cmr.fd 1999/05/25 v2.5h Standard LaTeX font definitions
)
LaTeX Font Info:    ... okay on input line 22.
LaTeX Font Info:    Checking defaults for PD1/pdf/m/n on input line 22.
LaTeX Font Info:    ... okay on input line 22.
LaTeX Font Info:    Try loading font information for OT1+ppl on input line 22.

(/usr/share/texmf-texlive/tex/latex/psnfss/ot1ppl.fd
File: ot1ppl.fd 2001/06/04 font definitions for OT1/ppl.
)
(/usr/share/texmf-texlive/tex/context/base/supp-pdf.mkii
[Loading MPS to PDF converter (version 2006.09.02).]
\scratchcounter=\count103
\scratchdimen=\dimen112
\scratchbox=\box28
\nofMPsegments=\count104
\nofMParguments=\count105
\everyMPshowfont=\toks17
\MPscratchCnt=\count106
\MPscratchDim=\dimen113
\MPnumerator=\count107
\everyMPtoPDFconversion=\toks18
)
\c@lstlisting=\count108
Package hyperref Info: Link coloring OFF on input line 22.
 (/usr/share/texmf-texlive/tex/latex/hyperref/nameref.sty
Package: nameref 2007/05/29 v2.31 Cross-referencing by name of section

(/usr/share/texmf-texlive/tex/latex/oberdiek/refcount.sty
Package: refcount 2008/08/11 v3.1 Data extraction from references (HO)
)
\c@section@level=\count109
)
LaTeX Info: Redefining \ref on input line 22.
LaTeX Info: Redefining \pageref on input line 22.

(./report_dMRI_preprocessing.out) (./report_dMRI_preprocessing.out)
\@outlinefile=\write3
\openout3 = `report_dMRI_preprocessing.out'.

\AtBeginShipoutBox=\box29
LaTeX Font Info:    External font `cmex10' loaded for size
(Font)              <14.4> on input line 25.
LaTeX Font Info:    External font `cmex10' loaded for size
(Font)              <7> on input line 25.

Overfull \hbox (19.39146pt too wide) in paragraph at lines 25--25
 [][] 
 []

(./abstract.tex
LaTeX Font Info:    Font shape `OT1/ppl/bx/n' in size <17.28> not available
(Font)              Font shape `OT1/ppl/b/n' tried instead on input line 6.
) (./introduction.tex [1



{/var/lib/texmf/fonts/map/pdftex/updmap/pdftex.map}]) (./raw_to_nifti.tex
<figures/dicm1.jpg, id=58, 88.33pt x 261.97874pt>
File: figures/dicm1.jpg Graphic file (type jpg)
 <use figures/dicm1.jpg>
[2]
LaTeX Font Info:    External font `cmex10' loaded for size
(Font)              <12> on input line 17.
LaTeX Font Info:    External font `cmex10' loaded for size
(Font)              <8> on input line 17.
LaTeX Font Info:    External font `cmex10' loaded for size
(Font)              <6> on input line 17.
LaTeX Font Info:    External font `cmex10' loaded for size
(Font)              <5> on input line 17.
LaTeX Font Info:    Try loading font information for OT1+pcr on input line 17.
 (/usr/share/texmf-texlive/tex/latex/psnfss/ot1pcr.fd
File: ot1pcr.fd 2001/06/04 font definitions for OT1/pcr.
) [3 <./figures/dicm1.jpg>] <figures/orthogonalrequire.png, id=85, 626.34pt x 1
85.19188pt>
File: figures/orthogonalrequire.png Graphic file (type png)

<use figures/orthogonalrequire.png>
Overfull \hbox (8.33858pt too wide) in paragraph at lines 25--26
 [][] 
 []

Missing character: There is no ‚ in font pplr7t!
Missing character: There is no Ä in font pplr7t!
Missing character: There is no ò in font pplr7t!
Missing character: There is no ‚ in font pplr7t!
Missing character: There is no Ä in font pplr7t!
Missing character: There is no ô in font pplr7t!
Missing character: There is no ‚ in font pplr7t!
Missing character: There is no Ä in font pplr7t!
Missing character: There is no ò in font pplr7t!
Missing character: There is no ‚ in font pplr7t!
Missing character: There is no Ä in font pplr7t!
Missing character: There is no ô in font pplr7t!
[4 <./figures/orthogonalrequire.png (PNG copy)>]
(/usr/share/texmf-texlive/tex/latex/listings/lstlang1.sty
File: lstlang1.sty 2004/09/05 1.3 listings language file
)
Missing character: There is no ‚ in font pplr7t!
Missing character: There is no Ä in font pplr7t!
Missing character: There is no ò in font pplr7t!
Missing character: There is no ‚ in font pplr7t!
Missing character: There is no Ä in font pplr7t!
Missing character: There is no ô in font pplr7t!
Missing character: There is no ‚ in font pplr7t!
Missing character: There is no Ä in font pplr7t!
Missing character: There is no ò in font pplr7t!
Missing character: There is no ‚ in font pplr7t!
Missing character: There is no Ä in font pplr7t!
Missing character: There is no ô in font pplr7t!
LaTeX Font Info:    Font shape `OT1/pcr/bx/n' in size <10.95> not available
(Font)              Font shape `OT1/pcr/b/n' tried instead on input line 48.
Missing character: There is no ‚ in font pplr7t!
Missing character: There is no Ä in font pplr7t!
Missing character: There is no ò in font pplr7t!
Missing character: There is no ‚ in font pplr7t!
Missing character: There is no Ä in font pplr7t!
Missing character: There is no ô in font pplr7t!
Missing character: There is no ‚ in font pplr7t!
Missing character: There is no Ä in font pplr7t!
Missing character: There is no ò in font pplr7t!
Missing character: There is no ‚ in font pplr7t!
Missing character: There is no Ä in font pplr7t!
Missing character: There is no ô in font pplr7t!
)
(./reconstruction.tex [5] <figures/bet.jpg, id=116, 653.44125pt x 219.82124pt>
File: figures/bet.jpg Graphic file (type jpg)

<use figures/bet.jpg>
Missing character: There is no ‚ in font pplr7t!
Missing character: There is no Ä in font pplr7t!
Missing character: There is no ò in font pplr7t!
Missing character: There is no ‚ in font pplr7t!
Missing character: There is no Ä in font pplr7t!
Missing character: There is no ô in font pplr7t!
 [6 <./figures/bet.jpg>]
<figures/subj3cambridge.pdf, id=130, 1414.88597pt x 763.65298pt>
File: figures/subj3cambridge.pdf Graphic file (type pdf)

<use figures/subj3cambridge.pdf>
Overfull \hbox (6.05591pt too wide) in paragraph at lines 45--47
\OT1/ppl/m/n/12 com-plex-ity and have re-ported clus-tered and sym-met-ric re-g
ions of in-creased
 []

[7 <./figures/subj3cambridge.pdf>]
<figures/diffusion1.jpg, id=156, 441.65pt x 237.88875pt>
File: figures/diffusion1.jpg Graphic file (type jpg)

<use figures/diffusion1.jpg>
<figures/diffusionprobability.jpg, id=158, 441.65pt x 202.7575pt>
File: figures/diffusionprobability.jpg Graphic file (type jpg)

<use figures/diffusionprobability.jpg> [8 <./figures/diffusion1.jpg>]
<figures/diffusionalign.jpg, id=173, 441.65pt x 200.75pt>
File: figures/diffusionalign.jpg Graphic file (type jpg)

<use figures/diffusionalign.jpg> [9 <./figures/diffusionprobability.jpg>]
<figures/diffusionorthogonal.jpg, id=180, 441.65pt x 201.75375pt>
File: figures/diffusionorthogonal.jpg Graphic file (type jpg)

<use figures/diffusionorthogonal.jpg>
Missing character: There is no ¬ in font pplr7t!
Missing character: There is no ∞ in font pplr7t!
Missing character: There is no ¬ in font pplr7t!
Missing character: There is no ∞ in font pplr7t!
Missing character: There is no ¬ in font pplr7t!
Missing character: There is no ∞ in font pplr7t!

<figures/orientationdistributionfunction.jpg, id=182, 441.65pt x 416.55624pt>
File: figures/orientationdistributionfunction.jpg Graphic file (type jpg)

<use figures/orientationdistributionfunction.jpg>
Missing character: There is no ∆ in font pplr7t!
Missing character: There is no í in font pplr7t!
 [10 <./figures/diffusionalign.jpg> <./figures/diffusionorthogonal.jpg>]
<figures/computeODF.jpg, id=190, 441.65pt x 183.68625pt>
File: figures/computeODF.jpg Graphic file (type jpg)

<use figures/computeODF.jpg> [11 <./figures/orientationdistributionfunction.jpg
> <./figures/computeODF.jpg>]
<figures/ODFmap.jpg, id=199, 441.65pt x 328.22626pt>
File: figures/ODFmap.jpg Graphic file (type jpg)
 <use figures/ODFmap.jpg>
[12 <./figures/ODFmap.jpg>]
<figures/MRIobtain.jpg, id=207, 441.65pt x 200.75pt>
File: figures/MRIobtain.jpg Graphic file (type jpg)

<use figures/MRIobtain.jpg>
LaTeX Font Info:    Font shape `OT1/ppl/bx/n' in size <12> not available
(Font)              Font shape `OT1/ppl/b/n' tried instead on input line 122.
 [13 <./figures/MRIobtain.jpg>]
<figures/PDFprobabilitydensityfunction.jpg, id=214, 441.65pt x 118.4425pt>
File: figures/PDFprobabilitydensityfunction.jpg Graphic file (type jpg)

<use figures/PDFprobabilitydensityfunction.jpg> [14 <./figures/PDFprobabilityde
nsityfunction.jpg>] <figures/qspace.jpg, id=221, 437.635pt x 441.65pt>
File: figures/qspace.jpg Graphic file (type jpg)

<use figures/qspace.jpg>
Missing character: There is no ‚ in font pplr7t!
Missing character: There is no Ä in font pplr7t!
Missing character: There is no ú in font pplr7t!
Missing character: There is no ‚ in font pplr7t!
Missing character: There is no Ä in font pplr7t!
Missing character: There is no ù in font pplr7t!
Missing character: There is no ‚ in font pplr7t!
Missing character: There is no Ä in font pplr7t!
Missing character: There is no î in font pplr7t!

<figures/tensorqspace.jpg, id=223, 425.59pt x 441.65pt>
File: figures/tensorqspace.jpg Graphic file (type jpg)

<use figures/tensorqspace.jpg>
Missing character: There is no ‚ in font pplr7t!
Missing character: There is no Ä in font pplr7t!
Missing character: There is no ì in font pplr7t!
 [15 <./figures/qspace.jpg>]
<figures/diffusiontensor.jpg, id=233, 441.65pt x 401.5pt>
File: figures/diffusiontensor.jpg Graphic file (type jpg)

<use figures/diffusiontensor.jpg> [16 <./figures/tensorqspace.jpg> <./figures/d
iffusiontensor.jpg>] <figures/meandiffusion.jpg, id=243, 321.2pt x 441.65pt>
File: figures/meandiffusion.jpg Graphic file (type jpg)

<use figures/meandiffusion.jpg>
<figures/fractionalanisotrophy.jpg, id=247, 313.17pt x 441.65pt>
File: figures/fractionalanisotrophy.jpg Graphic file (type jpg)

<use figures/fractionalanisotrophy.jpg> [17 <./figures/meandiffusion.jpg>]
Missing character: There is no ‚ in font pplr7t!
Missing character: There is no Ä in font pplr7t!
Missing character: There is no ò in font pplr7t!
Missing character: There is no ‚ in font pplr7t!
Missing character: There is no Ä in font pplr7t!
Missing character: There is no ô in font pplr7t!

[18 <./figures/fractionalanisotrophy.jpg>]
<figures/principaldirection.jpg, id=265, 319.1925pt x 441.65pt>
File: figures/principaldirection.jpg Graphic file (type jpg)

<use figures/principaldirection.jpg> [19 <./figures/principaldirection.jpg>]
LaTeX Font Info:    Try loading font information for TS1+ppl on input line 206.


(/usr/share/texmf-texlive/tex/latex/psnfss/ts1ppl.fd
File: ts1ppl.fd 2001/06/04 font definitions for TS1/ppl.
) [20] [21])
(./tracking.tex <figures/tensor_trajectory.jpg, id=311, 893.3375pt x 441.65pt>
File: figures/tensor_trajectory.jpg Graphic file (type jpg)

<use figures/tensor_trajectory.jpg> [22] [23 <./figures/tensor_trajectory.jpg>]
<figures/deterprobtrack.jpg, id=337, 839.28154pt x 578.16pt>
File: figures/deterprobtrack.jpg Graphic file (type jpg)

<use figures/deterprobtrack.jpg> [24] [25 <./figures/deterprobtrack.jpg>]
<figures/FDX_propagation.jpg, id=369, 332.442pt x 260.975pt>
File: figures/FDX_propagation.jpg Graphic file (type jpg)

<use figures/FDX_propagation.jpg>
Missing character: There is no ‚ in font pplr7t!
Missing character: There is no Ä in font pplr7t!
Missing character: There is no ô in font pplr7t!
 [26] [27 <./figures/FDX_propagation.jpg>]
LaTeX Font Info:    Try loading font information for TS1+pcr on input line 88.

(/usr/share/texmf-texlive/tex/latex/psnfss/ts1pcr.fd
File: ts1pcr.fd 2001/06/04 font definitions for TS1/pcr.
)
LaTeX Font Info:    Font shape `OT1/ppl/bx/it' in size <12> not available
(Font)              Font shape `OT1/ppl/b/it' tried instead on input line 107.

Overfull \hbox (17.34329pt too wide) in paragraph at lines 111--112
[][][][][][][][][][][][][][][][][][][][][][][][][][] 
 []

<figures/fvtk_subj9.jpg, id=391, 301.125pt x 301.125pt>
File: figures/fvtk_subj9.jpg Graphic file (type jpg)

<use figures/fvtk_subj9.jpg>
Overfull \hbox (8.63626pt too wide) in paragraph at lines 122--129
\OT1/ppl/m/n/12 An ex-am-ple of trac-tog-ra-phy of sub-ject 09 from Cam-bridge 
dataset is showed
 []

[28]) (./coregistering.tex
Overfull \hbox (2.25203pt too wide) in paragraph at lines 7--7
[]\OT1/ppl/b/n/17.28 Coregistration: from na-tive space to MNI space 
 []

[29 <./figures/fvtk_subj9.jpg>]
Missing character: There is no ‚ in font pplr7t!
Missing character: There is no Ä in font pplr7t!
Missing character: There is no ô in font pplr7t!

<figures/coregister.jpg, id=429, 464.27501pt x 275.81265pt>
File: figures/coregister.jpg Graphic file (type jpg)

<use figures/coregister.jpg> [30]
(/usr/share/texmf-texlive/tex/latex/listings/lstlang1.sty
File: lstlang1.sty 2004/09/05 1.3 listings language file
)
(/usr/share/texmf-texlive/tex/latex/listings/lstlang2.sty
File: lstlang2.sty 2004/09/05 1.3 listings language file
) [31 <./figures/coregister.jpg>] [32]
Missing character: There is no √ in font pplr7t!
Missing character: There is no ó in font pplr7t!
Missing character: There is no √ in font pplr7t!
Missing character: There is no ó in font pplr7t!

Overfull \hbox (10.77324pt too wide) in paragraph at lines 85--86
[][][][][][][][][][][][][][][][][][][][][] 
 []

LaTeX Font Info:    Font shape `OT1/ppl/bx/n' in size <14.4> not available
(Font)              Font shape `OT1/ppl/b/n' tried instead on input line 88.
[33] [34] <figures/sub1_sub9_coregistering.jpg, id=519, 1100.11pt x 654.445pt>
File: figures/sub1_sub9_coregistering.jpg Graphic file (type jpg)

<use figures/sub1_sub9_coregistering.jpg>) (./futureworks.tex
Overfull \hbox (6.06792pt too wide) in paragraph at lines 12--13
\OT1/ppl/m/n/12 tool called DiPy (Dif-fu-sion Imag-ing in PYthon http://www.dip
y.org). Most
 []

[35 <./figures/sub1_sub9_coregistering.jpg>]
Overfull \hbox (9.9779pt too wide) in paragraph at lines 28--29
\OT1/ppl/m/n/12 in-for-ma-tion about the spa-tial dis-tri-bu-tion of the dif-fu
-sion sig-nal within
 []


Underfull \hbox (badness 10000) in paragraph at lines 29--29
[][][][]$\OT1/pcr/m/n/10 http : / / ieeexplore . ieee . org / xpls / abs _ all 
. jsp ? arnumber =
 []

[36]
Underfull \hbox (badness 10000) in paragraph at lines 30--30
[][][][]$\OT1/pcr/m/n/10 http : / / cmic . cs . ucl . ac . uk / camino / index 
. php ? n = Tutorials .
 []


Underfull \hbox (badness 10000) in paragraph at lines 30--30
[][][][]$\OT1/pcr/m/n/10 http : / / www . sciencedirect . com / science / artic
le / pii /
 []

) (./cambridgedataset.tex) (./report_dMRI_preprocessing.bbl [37] [38]
Underfull \hbox (badness 1320) in paragraph at lines 83--90
\OT1/ppl/m/n/12 Dif-fu-sion Spec-trum Imag-ing Trac-tog-ra-phy in Com-plex Cere
-bral
 []

[39]
Missing character: There is no ‚ in font pplr7t!
Missing character: There is no Ä in font pplr7t!
Missing character: There is no ì in font pplr7t!

Underfull \hbox (badness 1033) in paragraph at lines 173--178
[]\OT1/ppl/m/n/12 Geoffrey J. M. Parker, Hamied A. Ha-roon, and Clau-dia A. M.
 []

[40]) [41] (./report_dMRI_preprocessing.aux) ) 
Here is how much of TeX's memory you used:
 7232 strings out of 495061
 106101 string characters out of 1182621
 207106 words of memory out of 3000000
 10000 multiletter control sequences out of 15000+50000
 22122 words of font info for 60 fonts, out of 3000000 for 9000
 28 hyphenation exceptions out of 8191
 38i,8n,41p,1953b,1868s stack positions out of 5000i,500n,10000p,200000b,50000s
{/usr/share/texmf-texlive/fonts/e
nc/dvips/base/8r.enc}</usr/share/texmf-texlive/fonts/type1/public/amsfonts/cm/c
mex10.pfb></usr/share/texmf-texlive/fonts/type1/public/amsfonts/cm/cmmi12.pfb><
/usr/share/texmf-texlive/fonts/type1/public/amsfonts/cm/cmmi8.pfb></usr/share/t
exmf-texlive/fonts/type1/public/amsfonts/cm/cmr12.pfb></usr/share/texmf-texlive
/fonts/type1/public/amsfonts/cm/cmr8.pfb></usr/share/texmf-texlive/fonts/type1/
public/amsfonts/cm/cmsy10.pfb></usr/share/texmf-texlive/fonts/type1/public/amsf
onts/cm/cmsy8.pfb></usr/share/texmf-texlive/fonts/type1/urw/courier/ucrb8a.pfb>
</usr/share/texmf-texlive/fonts/type1/urw/courier/ucrr8a.pfb></usr/share/texmf-
texlive/fonts/type1/urw/palatino/uplb8a.pfb></usr/share/texmf-texlive/fonts/typ
e1/urw/palatino/uplbi8a.pfb></usr/share/texmf-texlive/fonts/type1/urw/palatino/
uplr8a.pfb></usr/share/texmf-texlive/fonts/type1/urw/palatino/uplri8a.pfb>
Output written on report_dMRI_preprocessing.pdf (41 pages, 3226765 bytes).
PDF statistics:
 678 PDF objects out of 1000 (max. 8388607)
 250 named destinations out of 1000 (max. 500000)
 222 words of extra memory for PDF output out of 10000 (max. 10000000)

